This is pdfTeX, Version 3.14159265-2.6-1.40.20 (MiKTeX 2.9.7250 64-bit) (preloaded format=pdflatex 2020.1.18)  16 MAY 2020 23:10
entering extended mode
**./Vorlage_Seminararbeit.tex
(Vorlage_Seminararbeit.tex
LaTeX2e <2019-10-01> patch level 3
("C:\Program Files\MiKTeX 2.9\tex/latex/base\article.cls"
Document Class: article 2019/10/25 v1.4k Standard LaTeX document class
("C:\Program Files\MiKTeX 2.9\tex/latex/base\size12.clo"
File: size12.clo 2019/10/25 v1.4k Standard LaTeX file (size option)
)
\c@part=\count80
\c@section=\count81
\c@subsection=\count82
\c@subsubsection=\count83
\c@paragraph=\count84
\c@subparagraph=\count85
\c@figure=\count86
\c@table=\count87
\abovecaptionskip=\skip41
\belowcaptionskip=\skip42
\bibindent=\dimen102
)
("C:\Program Files\MiKTeX 2.9\tex/latex/base\inputenc.sty"
Package: inputenc 2018/08/11 v1.3c Input encoding file
\inpenc@prehook=\toks14
\inpenc@posthook=\toks15
)
("C:\Program Files\MiKTeX 2.9\tex/latex/base\fontenc.sty"
Package: fontenc 2018/08/11 v2.0j Standard LaTeX package

("C:\Program Files\MiKTeX 2.9\tex/latex/base\t1enc.def"
File: t1enc.def 2018/08/11 v2.0j Standard LaTeX file
LaTeX Font Info:    Redeclaring font encoding T1 on input line 48.
))
("C:\Program Files\MiKTeX 2.9\tex/latex/lm\lmodern.sty"
Package: lmodern 2009/10/30 v1.6 Latin Modern Fonts
LaTeX Font Info:    Overwriting symbol font `operators' in version `normal'
(Font)                  OT1/cmr/m/n --> OT1/lmr/m/n on input line 22.
LaTeX Font Info:    Overwriting symbol font `letters' in version `normal'
(Font)                  OML/cmm/m/it --> OML/lmm/m/it on input line 23.
LaTeX Font Info:    Overwriting symbol font `symbols' in version `normal'
(Font)                  OMS/cmsy/m/n --> OMS/lmsy/m/n on input line 24.
LaTeX Font Info:    Overwriting symbol font `largesymbols' in version `normal'
(Font)                  OMX/cmex/m/n --> OMX/lmex/m/n on input line 25.
LaTeX Font Info:    Overwriting symbol font `operators' in version `bold'
(Font)                  OT1/cmr/bx/n --> OT1/lmr/bx/n on input line 26.
LaTeX Font Info:    Overwriting symbol font `letters' in version `bold'
(Font)                  OML/cmm/b/it --> OML/lmm/b/it on input line 27.
LaTeX Font Info:    Overwriting symbol font `symbols' in version `bold'
(Font)                  OMS/cmsy/b/n --> OMS/lmsy/b/n on input line 28.
LaTeX Font Info:    Overwriting symbol font `largesymbols' in version `bold'
(Font)                  OMX/cmex/m/n --> OMX/lmex/m/n on input line 29.
LaTeX Font Info:    Overwriting math alphabet `\mathbf' in version `normal'
(Font)                  OT1/cmr/bx/n --> OT1/lmr/bx/n on input line 31.
LaTeX Font Info:    Overwriting math alphabet `\mathsf' in version `normal'
(Font)                  OT1/cmss/m/n --> OT1/lmss/m/n on input line 32.
LaTeX Font Info:    Overwriting math alphabet `\mathit' in version `normal'
(Font)                  OT1/cmr/m/it --> OT1/lmr/m/it on input line 33.
LaTeX Font Info:    Overwriting math alphabet `\mathtt' in version `normal'
(Font)                  OT1/cmtt/m/n --> OT1/lmtt/m/n on input line 34.
LaTeX Font Info:    Overwriting math alphabet `\mathbf' in version `bold'
(Font)                  OT1/cmr/bx/n --> OT1/lmr/bx/n on input line 35.
LaTeX Font Info:    Overwriting math alphabet `\mathsf' in version `bold'
(Font)                  OT1/cmss/bx/n --> OT1/lmss/bx/n on input line 36.
LaTeX Font Info:    Overwriting math alphabet `\mathit' in version `bold'
(Font)                  OT1/cmr/bx/it --> OT1/lmr/bx/it on input line 37.
LaTeX Font Info:    Overwriting math alphabet `\mathtt' in version `bold'
(Font)                  OT1/cmtt/m/n --> OT1/lmtt/m/n on input line 38.
)
("C:\Program Files\MiKTeX 2.9\tex/generic/babel\babel.sty"
Package: babel 2020/01/15 3.38 The Babel package

("C:\Program Files\MiKTeX 2.9\tex/generic/babel\switch.def"
File: switch.def 2020/01/15 3.38 Babel switching mechanism
)
*************************************
* Local config file bblopts.cfg used
*
("C:\Program Files\MiKTeX 2.9\tex/latex/arabi\bblopts.cfg"
File: bblopts.cfg 2005/09/08 v0.1 add Arabic and Farsi to "declared" options of
 babel
)
("C:\Program Files\MiKTeX 2.9\tex/latex/babel-english\english.ldf"
Language: english 2017/06/06 v3.3r English support from the babel system

("C:\Program Files\MiKTeX 2.9\tex/generic/babel\babel.def"
File: babel.def 2020/01/15 3.38 Babel common definitions
\babel@savecnt=\count88
\U@D=\dimen103

("C:\Program Files\MiKTeX 2.9\tex/generic/babel\txtbabel.def")
\bbl@readstream=\read1
\bbl@dirlevel=\count89
)
Package babel Info: \l@canadian = using hyphenrules for english
(babel)             (\language0) on input line 102.
Package babel Info: \l@australian = using hyphenrules for ukenglish
(babel)             (\language76) on input line 105.
Package babel Info: \l@newzealand = using hyphenrules for ukenglish
(babel)             (\language76) on input line 108.
))
("C:\Program Files\MiKTeX 2.9\tex/latex/geometry\geometry.sty"
Package: geometry 2020/01/02 v5.9 Page Geometry

("C:\Program Files\MiKTeX 2.9\tex/latex/graphics\keyval.sty"
Package: keyval 2014/10/28 v1.15 key=value parser (DPC)
\KV@toks@=\toks16
)
("C:\Program Files\MiKTeX 2.9\tex/generic/iftex\ifvtex.sty"
Package: ifvtex 2019/10/25 v1.7 ifvtex legacy package. Use iftex instead.

("C:\Program Files\MiKTeX 2.9\tex/generic/iftex\iftex.sty"
Package: iftex 2019/11/07 v1.0c TeX engine tests
))
\Gm@cnth=\count90
\Gm@cntv=\count91
\c@Gm@tempcnt=\count92
\Gm@bindingoffset=\dimen104
\Gm@wd@mp=\dimen105
\Gm@odd@mp=\dimen106
\Gm@even@mp=\dimen107
\Gm@layoutwidth=\dimen108
\Gm@layoutheight=\dimen109
\Gm@layouthoffset=\dimen110
\Gm@layoutvoffset=\dimen111
\Gm@dimlist=\toks17

("C:\Program Files\MiKTeX 2.9\tex/latex/geometry\geometry.cfg"))
("C:\Program Files\MiKTeX 2.9\tex/latex/amsmath\amsmath.sty"
Package: amsmath 2019/11/16 v2.17d AMS math features
\@mathmargin=\skip43

For additional information on amsmath, use the `?' option.
("C:\Program Files\MiKTeX 2.9\tex/latex/amsmath\amstext.sty"
Package: amstext 2000/06/29 v2.01 AMS text

("C:\Program Files\MiKTeX 2.9\tex/latex/amsmath\amsgen.sty"
File: amsgen.sty 1999/11/30 v2.0 generic functions
\@emptytoks=\toks18
\ex@=\dimen112
))
("C:\Program Files\MiKTeX 2.9\tex/latex/amsmath\amsbsy.sty"
Package: amsbsy 1999/11/29 v1.2d Bold Symbols
\pmbraise@=\dimen113
)
("C:\Program Files\MiKTeX 2.9\tex/latex/amsmath\amsopn.sty"
Package: amsopn 2016/03/08 v2.02 operator names
)
\inf@bad=\count93
LaTeX Info: Redefining \frac on input line 227.
\uproot@=\count94
\leftroot@=\count95
LaTeX Info: Redefining \overline on input line 389.
\classnum@=\count96
\DOTSCASE@=\count97
LaTeX Info: Redefining \ldots on input line 486.
LaTeX Info: Redefining \dots on input line 489.
LaTeX Info: Redefining \cdots on input line 610.
\Mathstrutbox@=\box27
\strutbox@=\box28
\big@size=\dimen114
LaTeX Font Info:    Redeclaring font encoding OML on input line 733.
LaTeX Font Info:    Redeclaring font encoding OMS on input line 734.
\macc@depth=\count98
\c@MaxMatrixCols=\count99
\dotsspace@=\muskip10
\c@parentequation=\count100
\dspbrk@lvl=\count101
\tag@help=\toks19
\row@=\count102
\column@=\count103
\maxfields@=\count104
\andhelp@=\toks20
\eqnshift@=\dimen115
\alignsep@=\dimen116
\tagshift@=\dimen117
\tagwidth@=\dimen118
\totwidth@=\dimen119
\lineht@=\dimen120
\@envbody=\toks21
\multlinegap=\skip44
\multlinetaggap=\skip45
\mathdisplay@stack=\toks22
LaTeX Info: Redefining \[ on input line 2858.
LaTeX Info: Redefining \] on input line 2859.
)
("C:\Program Files\MiKTeX 2.9\tex/latex/amsfonts\amsfonts.sty"
Package: amsfonts 2013/01/14 v3.01 Basic AMSFonts support
\symAMSa=\mathgroup4
\symAMSb=\mathgroup5
LaTeX Font Info:    Redeclaring math symbol \hbar on input line 98.
LaTeX Font Info:    Overwriting math alphabet `\mathfrak' in version `bold'
(Font)                  U/euf/m/n --> U/euf/b/n on input line 106.
)
("C:\Program Files\MiKTeX 2.9\tex/latex/amsfonts\amssymb.sty"
Package: amssymb 2013/01/14 v3.01 AMS font symbols
)
("C:\Program Files\MiKTeX 2.9\tex/latex/mathtools\mathtools.sty"
Package: mathtools 2019/07/31 v1.22 mathematical typesetting tools

("C:\Program Files\MiKTeX 2.9\tex/latex/tools\calc.sty"
Package: calc 2017/05/25 v4.3 Infix arithmetic (KKT,FJ)
\calc@Acount=\count105
\calc@Bcount=\count106
\calc@Adimen=\dimen121
\calc@Bdimen=\dimen122
\calc@Askip=\skip46
\calc@Bskip=\skip47
LaTeX Info: Redefining \setlength on input line 80.
LaTeX Info: Redefining \addtolength on input line 81.
\calc@Ccount=\count107
\calc@Cskip=\skip48
)
("C:\Program Files\MiKTeX 2.9\tex/latex/mathtools\mhsetup.sty"
Package: mhsetup 2017/03/31 v1.3 programming setup (MH)
)
LaTeX Info: Thecontrolsequence`\('isalreadyrobust on input line 129.
LaTeX Info: Thecontrolsequence`\)'isalreadyrobust on input line 129.
LaTeX Info: Thecontrolsequence`\['isalreadyrobust on input line 129.
LaTeX Info: Thecontrolsequence`\]'isalreadyrobust on input line 129.
\g_MT_multlinerow_int=\count108
\l_MT_multwidth_dim=\dimen123
\origjot=\skip49
\l_MT_shortvdotswithinadjustabove_dim=\dimen124
\l_MT_shortvdotswithinadjustbelow_dim=\dimen125
\l_MT_above_intertext_sep=\dimen126
\l_MT_below_intertext_sep=\dimen127
\l_MT_above_shortintertext_sep=\dimen128
\l_MT_below_shortintertext_sep=\dimen129
)
("C:\Program Files\MiKTeX 2.9\tex/latex/booktabs\booktabs.sty"
Package: booktabs 2020/01/12 v1.61803398 Publication quality tables
\heavyrulewidth=\dimen130
\lightrulewidth=\dimen131
\cmidrulewidth=\dimen132
\belowrulesep=\dimen133
\belowbottomsep=\dimen134
\aboverulesep=\dimen135
\abovetopsep=\dimen136
\cmidrulesep=\dimen137
\cmidrulekern=\dimen138
\defaultaddspace=\dimen139
\@cmidla=\count109
\@cmidlb=\count110
\@aboverulesep=\dimen140
\@belowrulesep=\dimen141
\@thisruleclass=\count111
\@lastruleclass=\count112
\@thisrulewidth=\dimen142
)
("C:\Program Files\MiKTeX 2.9\tex/latex/tools\array.sty"
Package: array 2019/08/31 v2.4l Tabular extension package (FMi)
\col@sep=\dimen143
\ar@mcellbox=\box29
\extrarowheight=\dimen144
\NC@list=\toks23
\extratabsurround=\skip50
\backup@length=\skip51
\ar@cellbox=\box30
)
("C:\Program Files\MiKTeX 2.9\tex/latex/tools\dcolumn.sty"
Package: dcolumn 2014/10/28 v1.06 decimal alignment package (DPC)
)
("C:\Program Files\MiKTeX 2.9\tex/latex/tools\tabularx.sty"
Package: tabularx 2016/02/03 v2.11b `tabularx' package (DPC)
\TX@col@width=\dimen145
\TX@old@table=\dimen146
\TX@old@col=\dimen147
\TX@target=\dimen148
\TX@delta=\dimen149
\TX@cols=\count113
\TX@ftn=\toks24
)
("C:\Program Files\MiKTeX 2.9\tex/latex/threeparttable\threeparttable.sty"
Package: threeparttable 2003/06/13  v 3.0
\@tempboxb=\box31
)
("C:\Program Files\MiKTeX 2.9\tex/latex/multirow\multirow.sty"
Package: multirow 2019/05/31 v2.5 Span multiple rows of a table
\multirow@colwidth=\skip52
\multirow@cntb=\count114
\multirow@dima=\skip53
\bigstrutjot=\dimen150
)
("C:\Program Files\MiKTeX 2.9\tex/latex/float\float.sty"
Package: float 2001/11/08 v1.3d Float enhancements (AL)
\c@float@type=\count115
\float@exts=\toks25
\float@box=\box32
\@float@everytoks=\toks26
\@floatcapt=\box33
)
("C:\Program Files\MiKTeX 2.9\tex/latex/graphics\graphicx.sty"
Package: graphicx 2017/06/01 v1.1a Enhanced LaTeX Graphics (DPC,SPQR)

("C:\Program Files\MiKTeX 2.9\tex/latex/graphics\graphics.sty"
Package: graphics 2019/11/01 v1.3d Standard LaTeX Graphics (DPC,SPQR)

("C:\Program Files\MiKTeX 2.9\tex/latex/graphics\trig.sty"
Package: trig 2016/01/03 v1.10 sin cos tan (DPC)
)
("C:\Program Files\MiKTeX 2.9\tex/latex/graphics-cfg\graphics.cfg"
File: graphics.cfg 2016/06/04 v1.11 sample graphics configuration
)
Package graphics Info: Driver file: pdftex.def on input line 105.

("C:\Program Files\MiKTeX 2.9\tex/latex/graphics-def\pdftex.def"
File: pdftex.def 2018/01/08 v1.0l Graphics/color driver for pdftex
))
\Gin@req@height=\dimen151
\Gin@req@width=\dimen152
)
("C:\Program Files\MiKTeX 2.9\tex/latex/subfigure\subfigure.sty"
Package: subfigure 2002/07/30 v2.1.4 subfigure package
\subfigtopskip=\skip54
\subfigcapskip=\skip55
\subfigcaptopadj=\dimen153
\subfigbottomskip=\skip56
\subfigcapmargin=\dimen154
\subfiglabelskip=\skip57
\c@subfigure=\count116
\c@lofdepth=\count117
\c@subtable=\count118
\c@lotdepth=\count119

****************************************
* Local config file subfigure.cfg used *
****************************************
("C:\Program Files\MiKTeX 2.9\tex/latex/subfigure\subfigure.cfg")
\subfig@top=\skip58
\subfig@bottom=\skip59
)
("C:\Program Files\MiKTeX 2.9\tex/latex/caption\caption.sty"
Package: caption 2020/01/03 v3.4h Customizing captions (AR)

("C:\Program Files\MiKTeX 2.9\tex/latex/caption\caption3.sty"
Package: caption3 2020/01/03 v1.8h caption3 kernel (AR)
Package caption3 Info: TeX engine: e-TeX on input line 61.
\captionmargin=\dimen155
\captionmargin@=\dimen156
\captionwidth=\dimen157
\caption@tempdima=\dimen158
\caption@indent=\dimen159
\caption@parindent=\dimen160
\caption@hangindent=\dimen161
Package caption Info: Standard document class detected.
)
\c@caption@flags=\count120
\c@continuedfloat=\count121
Package caption Info: float package is loaded.
Package caption Info: subfigure package is loaded.
Package caption Info: threeparttable package is loaded.
)
("C:\Program Files\MiKTeX 2.9\tex/latex/setspace\setspace.sty"
Package: setspace 2011/12/19 v6.7a set line spacing
)
("C:\Program Files\MiKTeX 2.9\tex/latex/placeins\placeins.sty"
Package: placeins 2005/04/18  v 2.2
)
("C:\Program Files\MiKTeX 2.9\tex/latex/biblatex\biblatex.sty"
Package: biblatex 2019/12/01 v3.14 programmable bibliographies (PK/MW)

("C:\Program Files\MiKTeX 2.9\tex/latex/pdftexcmds\pdftexcmds.sty"
Package: pdftexcmds 2019/11/24 v0.31 Utility functions of pdfTeX for LuaTeX (HO
)

("C:\Program Files\MiKTeX 2.9\tex/generic/infwarerr\infwarerr.sty"
Package: infwarerr 2019/12/03 v1.5 Providing info/warning/error messages (HO)
)
("C:\Program Files\MiKTeX 2.9\tex/generic/ltxcmds\ltxcmds.sty"
Package: ltxcmds 2019/12/15 v1.24 LaTeX kernel commands for general use (HO)
)
Package pdftexcmds Info: \pdf@primitive is available.
Package pdftexcmds Info: \pdf@ifprimitive is available.
Package pdftexcmds Info: \pdfdraftmode found.
)
("C:\Program Files\MiKTeX 2.9\tex/latex/etoolbox\etoolbox.sty"
Package: etoolbox 2019/09/21 v2.5h e-TeX tools for LaTeX (JAW)
\etb@tempcnta=\count122
)
("C:\Program Files\MiKTeX 2.9\tex/latex/kvoptions\kvoptions.sty"
Package: kvoptions 2019/11/29 v3.13 Key value format for package options (HO)

("C:\Program Files\MiKTeX 2.9\tex/generic/kvsetkeys\kvsetkeys.sty"
Package: kvsetkeys 2019/12/15 v1.18 Key value parser (HO)
))
("C:\Program Files\MiKTeX 2.9\tex/latex/logreq\logreq.sty"
Package: logreq 2010/08/04 v1.0 xml request logger
\lrq@indent=\count123

("C:\Program Files\MiKTeX 2.9\tex/latex/logreq\logreq.def"
File: logreq.def 2010/08/04 v1.0 logreq spec v1.0
))
("C:\Program Files\MiKTeX 2.9\tex/latex/base\ifthen.sty"
Package: ifthen 2014/09/29 v1.1c Standard LaTeX ifthen package (DPC)
)
("C:\Program Files\MiKTeX 2.9\tex/latex/url\url.sty"
\Urlmuskip=\muskip11
Package: url 2013/09/16  ver 3.4  Verb mode for urls, etc.
)
\c@tabx@nest=\count124
\c@listtotal=\count125
\c@listcount=\count126
\c@liststart=\count127
\c@liststop=\count128
\c@citecount=\count129
\c@citetotal=\count130
\c@multicitecount=\count131
\c@multicitetotal=\count132
\c@instcount=\count133
\c@maxnames=\count134
\c@minnames=\count135
\c@maxitems=\count136
\c@minitems=\count137
\c@citecounter=\count138
\c@maxcitecounter=\count139
\c@savedcitecounter=\count140
\c@uniquelist=\count141
\c@uniquename=\count142
\c@refsection=\count143
\c@refsegment=\count144
\c@maxextratitle=\count145
\c@maxextratitleyear=\count146
\c@maxextraname=\count147
\c@maxextradate=\count148
\c@maxextraalpha=\count149
\c@abbrvpenalty=\count150
\c@highnamepenalty=\count151
\c@lownamepenalty=\count152
\c@maxparens=\count153
\c@parenlevel=\count154
\blx@tempcnta=\count155
\blx@tempcntb=\count156
\blx@tempcntc=\count157
\blx@maxsection=\count158
\blx@maxsegment@0=\count159
\blx@notetype=\count160
\blx@parenlevel@text=\count161
\blx@parenlevel@foot=\count162
\blx@sectionciteorder@0=\count163
\blx@entrysetcounter=\count164
\labelnumberwidth=\skip60
\labelalphawidth=\skip61
\biblabelsep=\skip62
\bibitemsep=\skip63
\bibnamesep=\skip64
\bibinitsep=\skip65
\bibparsep=\skip66
\bibhang=\skip67
\blx@bcfin=\read2
\blx@bcfout=\write3
\blx@langwohyphens=\language82
\c@mincomprange=\count165
\c@maxcomprange=\count166
\c@mincompwidth=\count167
Package biblatex Info: Trying to load biblatex default data model...
Package biblatex Info: ... file 'blx-dm.def' found.

("C:\Program Files\MiKTeX 2.9\tex/latex/biblatex\blx-dm.def"
File: blx-dm.def 2019/12/01 v3.14 biblatex localization (PK/MW)
)
Package biblatex Info: Trying to load biblatex citestyle data model...
Package biblatex Info: ... file 'authoryear-comp.dbx' not found.
Package biblatex Info: Trying to load biblatex bibstyle data model...
Package biblatex Info: ... file 'JME.dbx' not found.
Package biblatex Info: Trying to load biblatex custom data model...
Package biblatex Info: ... file 'biblatex-dm.cfg' not found.
\c@afterword=\count168
\c@savedafterword=\count169
\c@annotator=\count170
\c@savedannotator=\count171
\c@author=\count172
\c@savedauthor=\count173
\c@bookauthor=\count174
\c@savedbookauthor=\count175
\c@commentator=\count176
\c@savedcommentator=\count177
\c@editor=\count178
\c@savededitor=\count179
\c@editora=\count180
\c@savededitora=\count181
\c@editorb=\count182
\c@savededitorb=\count183
\c@editorc=\count184
\c@savededitorc=\count185
\c@foreword=\count186
\c@savedforeword=\count187
\c@holder=\count188
\c@savedholder=\count189
\c@introduction=\count190
\c@savedintroduction=\count191
\c@namea=\count192
\c@savednamea=\count193
\c@nameb=\count194
\c@savednameb=\count195
\c@namec=\count196
\c@savednamec=\count197
\c@translator=\count198
\c@savedtranslator=\count199
\c@shortauthor=\count266
\c@savedshortauthor=\count267
\c@shorteditor=\count268
\c@savedshorteditor=\count269
\c@labelname=\count270
\c@savedlabelname=\count271
\c@institution=\count272
\c@savedinstitution=\count273
\c@lista=\count274
\c@savedlista=\count275
\c@listb=\count276
\c@savedlistb=\count277
\c@listc=\count278
\c@savedlistc=\count279
\c@listd=\count280
\c@savedlistd=\count281
\c@liste=\count282
\c@savedliste=\count283
\c@listf=\count284
\c@savedlistf=\count285
\c@location=\count286
\c@savedlocation=\count287
\c@organization=\count288
\c@savedorganization=\count289
\c@origlocation=\count290
\c@savedoriglocation=\count291
\c@origpublisher=\count292
\c@savedorigpublisher=\count293
\c@publisher=\count294
\c@savedpublisher=\count295
\c@language=\count296
\c@savedlanguage=\count297
\c@origlanguage=\count298
\c@savedoriglanguage=\count299
\c@pageref=\count300
\c@savedpageref=\count301
\shorthandwidth=\skip68
\shortjournalwidth=\skip69
\shortserieswidth=\skip70
\shorttitlewidth=\skip71
\shortauthorwidth=\skip72
\shorteditorwidth=\skip73
\locallabelnumberwidth=\skip74
\locallabelalphawidth=\skip75
\localshorthandwidth=\skip76
\localshortjournalwidth=\skip77
\localshortserieswidth=\skip78
\localshorttitlewidth=\skip79
\localshortauthorwidth=\skip80
\localshorteditorwidth=\skip81
Package biblatex Info: Trying to load compatibility code...
Package biblatex Info: ... file 'blx-compat.def' found.

("C:\Program Files\MiKTeX 2.9\tex/latex/biblatex\blx-compat.def"
File: blx-compat.def 2019/12/01 v3.14 biblatex compatibility (PK/MW)
)
Package biblatex Info: Trying to load generic definitions...
Package biblatex Info: ... file 'biblatex.def' found.

("C:\Program Files\MiKTeX 2.9\tex/latex/biblatex\biblatex.def"
File: biblatex.def 2019/12/01 v3.14 biblatex compatibility (PK/MW)
\c@textcitecount=\count302
\c@textcitetotal=\count303
\c@textcitemaxnames=\count304
\c@biburlbigbreakpenalty=\count305
\c@biburlbreakpenalty=\count306
\c@biburlnumpenalty=\count307
\c@biburlucpenalty=\count308
\c@biburllcpenalty=\count309
\biburlbigskip=\muskip12
\biburlnumskip=\muskip13
\biburlucskip=\muskip14
\biburllcskip=\muskip15
\c@smartand=\count310
)
Package biblatex Info: Trying to load natbib compatibility...
Package biblatex Info: ... file 'blx-natbib.def' found.

("C:\Program Files\MiKTeX 2.9\tex/latex/biblatex\blx-natbib.def"
File: blx-natbib.def 2019/12/01 v3.14 biblatex compatibility (PK/MW)
Package biblatex Info: Delimiter 'nameyeardelim' in context '' already defined,
 overwriting.
)
Package biblatex Info: Trying to load bibliography style 'JME'...
Package biblatex Info: ... file 'JME.bbx' found.
 (JME.bbx
File: JME.bbx 2019/12/01 v3.14 biblatex bibliography style (PK/MW)$Id: authorye
ar.bbx,v 1.4c 2011/05/12 18:28:32 lehman stable $
Package biblatex Info: Trying to load bibliography style 'standard'...
Package biblatex Info: ... file 'standard.bbx' found.

("C:\Program Files\MiKTeX 2.9\tex/latex/biblatex/bbx\standard.bbx"
File: standard.bbx 2019/12/01 v3.14 biblatex bibliography style (PK/MW)
\c@bbx:relatedcount=\count311
\c@bbx:relatedtotal=\count312
)

Package biblatex Warning: 'labelyear' option is deprecated.
(biblatex)                Please use 'labeldateparts' instead.

)
Package biblatex Info: Trying to load citation style 'authoryear-comp'...
Package biblatex Info: ... file 'authoryear-comp.cbx' found.
 ("C:\Program Files\MiKTeX 2.9\tex/latex/biblatex/cbx\authoryear-comp.cbx"
File: authoryear-comp.cbx 2019/12/01 v3.14 biblatex citation style (PK/MW)
Package biblatex Info: Redefining '\cite'.
Package biblatex Info: Redefining '\parencite'.
Package biblatex Info: Redefining '\footcite'.
Package biblatex Info: Redefining '\footcitetext'.
Package biblatex Info: Redefining '\smartcite'.
Package biblatex Info: Redefining '\textcite'.
Package biblatex Info: Redefining '\textcites'.
Package biblatex Info: Redefining '\cites'.
Package biblatex Info: Redefining '\parencites'.
Package biblatex Info: Redefining '\footcites'.
Package biblatex Info: Redefining '\footcitetexts'.
Package biblatex Info: Redefining '\smartcites'.
)
Package biblatex Info: Trying to load configuration file...
Package biblatex Info: ... file 'biblatex.cfg' found.

("C:\Program Files\MiKTeX 2.9\tex/latex/biblatex\biblatex.cfg"
File: biblatex.cfg 
))

Package biblatex Warning: 'babel/polyglossia' detected but 'csquotes' missing.
(biblatex)                Loading 'csquotes' recommended.

\@quotelevel=\count313
\@quotereset=\count314
(Vorlage_Seminararbeit.aux)
\openout1 = `Vorlage_Seminararbeit.aux'.

LaTeX Font Info:    Checking defaults for OML/cmm/m/it on input line 88.
LaTeX Font Info:    ... okay on input line 88.
LaTeX Font Info:    Checking defaults for T1/cmr/m/n on input line 88.
LaTeX Font Info:    ... okay on input line 88.
LaTeX Font Info:    Checking defaults for OT1/cmr/m/n on input line 88.
LaTeX Font Info:    ... okay on input line 88.
LaTeX Font Info:    Checking defaults for OMS/cmsy/m/n on input line 88.
LaTeX Font Info:    ... okay on input line 88.
LaTeX Font Info:    Checking defaults for OMX/cmex/m/n on input line 88.
LaTeX Font Info:    ... okay on input line 88.
LaTeX Font Info:    Checking defaults for U/cmr/m/n on input line 88.
LaTeX Font Info:    ... okay on input line 88.
LaTeX Font Info:    Trying to load font information for T1+lmr on input line 88
.
 ("C:\Program Files\MiKTeX 2.9\tex/latex/lm\t1lmr.fd"
File: t1lmr.fd 2009/10/30 v1.6 Font defs for Latin Modern
)
*geometry* driver: auto-detecting
*geometry* detected driver: pdftex
*geometry* verbose mode - [ preamble ] result:
* driver: pdftex
* paper: a4paper
* layout: <same size as paper>
* layoutoffset:(h,v)=(0.0pt,0.0pt)
* modes: 
* h-part:(L,W,R)=(71.13188pt, 455.24411pt, 71.13188pt)
* v-part:(T,H,B)=(71.13188pt, 702.78308pt, 71.13188pt)
* \paperwidth=597.50787pt
* \paperheight=845.04684pt
* \textwidth=455.24411pt
* \textheight=702.78308pt
* \oddsidemargin=-1.1381pt
* \evensidemargin=-1.1381pt
* \topmargin=-38.1381pt
* \headheight=12.0pt
* \headsep=25.0pt
* \topskip=12.0pt
* \footskip=30.0pt
* \marginparwidth=35.0pt
* \marginparsep=10.0pt
* \columnsep=10.0pt
* \skip\footins=10.8pt plus 4.0pt minus 2.0pt
* \hoffset=0.0pt
* \voffset=0.0pt
* \mag=1000
* \@twocolumnfalse
* \@twosidefalse
* \@mparswitchfalse
* \@reversemarginfalse
* (1in=72.27pt=25.4mm, 1cm=28.453pt)

("C:\Program Files\MiKTeX 2.9\tex/context/base/mkii\supp-pdf.mkii"
[Loading MPS to PDF converter (version 2006.09.02).]
\scratchcounter=\count315
\scratchdimen=\dimen162
\scratchbox=\box34
\nofMPsegments=\count316
\nofMParguments=\count317
\everyMPshowfont=\toks27
\MPscratchCnt=\count318
\MPscratchDim=\dimen163
\MPnumerator=\count319
\makeMPintoPDFobject=\count320
\everyMPtoPDFconversion=\toks28
) ("C:\Program Files\MiKTeX 2.9\tex/latex/epstopdf-pkg\epstopdf-base.sty"
Package: epstopdf-base 2019-12-09 v2.10 Base part for package epstopdf

("C:\Program Files\MiKTeX 2.9\tex/latex/grfext\grfext.sty"
Package: grfext 2019/12/03 v1.3 Manage graphics extensions (HO)

("C:\Program Files\MiKTeX 2.9\tex/generic/kvdefinekeys\kvdefinekeys.sty"
Package: kvdefinekeys 2019-12-19 v1.6 Define keys (HO)
))
Package epstopdf-base Info: Redefining graphics rule for `.eps' on input line 4
85.
Package grfext Info: Graphics extension search list:
(grfext)             [.pdf,.png,.jpg,.mps,.jpeg,.jbig2,.jb2,.PDF,.PNG,.JPG,.JPE
G,.JBIG2,.JB2,.eps]
(grfext)             \AppendGraphicsExtensions on input line 504.
)
Package caption Info: Begin \AtBeginDocument code.
Package caption Info: End \AtBeginDocument code.
Package biblatex Info: Trying to load language 'english'...
Package biblatex Info: ... file 'english.lbx' found.

("C:\Program Files\MiKTeX 2.9\tex/latex/biblatex/lbx\english.lbx"
File: english.lbx 2019/12/01 v3.14 biblatex localization (PK/MW)
)
Package biblatex Info: Input encoding 'utf8' detected.
Package biblatex Info: Automatic encoding selection.
(biblatex)             Assuming data encoding 'utf8'.
\openout3 = `Vorlage_Seminararbeit.bcf'.

Package biblatex Info: Trying to load bibliographic data...
Package biblatex Info: ... file 'Vorlage_Seminararbeit.bbl' found.

(Vorlage_Seminararbeit.bbl

Package biblatex Warning: The following entry could not be found
(biblatex)                in the database:
(biblatex)                Greenwell
(biblatex)                Please verify the spelling and rerun
(biblatex)                LaTeX afterwards.

)
Package biblatex Info: Reference section=0 on input line 88.
Package biblatex Info: Reference segment=0 on input line 88.
<KITlogo.pdf, id=1, 198.7425pt x 91.34125pt>
File: KITlogo.pdf Graphic file (type pdf)
<use KITlogo.pdf>
Package pdftex.def Info: KITlogo.pdf  used on input line 94.
(pdftex.def)             Requested size: 129.18108pt x 59.3711pt.
 [1

{C:/Users/AlexanderSchlechter/AppData/Local/MiKTeX/2.9/pdftex/config/pdftex.map
} <./KITlogo.pdf>] (Vorlage_Seminararbeit.toc
LaTeX Font Info:    Trying to load font information for OT1+lmr on input line 1
0.

("C:\Program Files\MiKTeX 2.9\tex/latex/lm\ot1lmr.fd"
File: ot1lmr.fd 2009/10/30 v1.6 Font defs for Latin Modern
)
LaTeX Font Info:    Trying to load font information for OML+lmm on input line 1
0.

("C:\Program Files\MiKTeX 2.9\tex/latex/lm\omllmm.fd"
File: omllmm.fd 2009/10/30 v1.6 Font defs for Latin Modern
)
LaTeX Font Info:    Trying to load font information for OMS+lmsy on input line 
10.

("C:\Program Files\MiKTeX 2.9\tex/latex/lm\omslmsy.fd"
File: omslmsy.fd 2009/10/30 v1.6 Font defs for Latin Modern
)
LaTeX Font Info:    Trying to load font information for OMX+lmex on input line 
10.

("C:\Program Files\MiKTeX 2.9\tex/latex/lm\omxlmex.fd"
File: omxlmex.fd 2009/10/30 v1.6 Font defs for Latin Modern
)
LaTeX Font Info:    External font `lmex10' loaded for size
(Font)              <12> on input line 10.
LaTeX Font Info:    External font `lmex10' loaded for size
(Font)              <8> on input line 10.
LaTeX Font Info:    External font `lmex10' loaded for size
(Font)              <6> on input line 10.
LaTeX Font Info:    Trying to load font information for U+msa on input line 10.


("C:\Program Files\MiKTeX 2.9\tex/latex/amsfonts\umsa.fd"
File: umsa.fd 2013/01/14 v3.01 AMS symbols A
)
LaTeX Font Info:    Trying to load font information for U+msb on input line 10.


("C:\Program Files\MiKTeX 2.9\tex/latex/amsfonts\umsb.fd"
File: umsb.fd 2013/01/14 v3.01 AMS symbols B
))
\tf@toc=\write4
\openout4 = `Vorlage_Seminararbeit.toc'.

 [1]
LaTeX Font Info:    External font `lmex10' loaded for size
(Font)              <10> on input line 168.
LaTeX Font Info:    External font `lmex10' loaded for size
(Font)              <7> on input line 168.
LaTeX Font Info:    External font `lmex10' loaded for size
(Font)              <5> on input line 168.
 [1] [2]
[3]
Overfull \hbox (13.27606pt too wide) in paragraph at lines 315--326
 [][] 
 []

[4]
<graphs/DescriptiveStats/OtherAnalysis_clean_AssetDistribution_7613.png, id=32,
 1445.4pt x 1084.05pt>
File: graphs/DescriptiveStats/OtherAnalysis_clean_AssetDistribution_7613.png Gr
aphic file (type png)
<use graphs/DescriptiveStats/OtherAnalysis_clean_AssetDistribution_7613.png>
Package pdftex.def Info: graphs/DescriptiveStats/OtherAnalysis_clean_AssetDistr
ibution_7613.png  used on input line 343.
(pdftex.def)             Requested size: 433.62335pt x 325.21751pt.
 [5]
<graphs/DescriptiveStats/OtherAnalysis_clean_CyclicalAssets_7613.png, id=39, 14
45.4pt x 361.35pt>
File: graphs/DescriptiveStats/OtherAnalysis_clean_CyclicalAssets_7613.png Graph
ic file (type png)
<use graphs/DescriptiveStats/OtherAnalysis_clean_CyclicalAssets_7613.png>
Package pdftex.def Info: graphs/DescriptiveStats/OtherAnalysis_clean_CyclicalAs
sets_7613.png  used on input line 371.
(pdftex.def)             Requested size: 433.62335pt x 108.40584pt.
 [6 <./graphs/DescriptiveStats/OtherAnalysis_clean_AssetDistribution_7613.png>]
<graphs/DescriptiveStats/OtherAnalysis_clean_CyclicalAssetsAdjusted_7613.png, i
d=45, 1445.4pt x 361.35pt>
File: graphs/DescriptiveStats/OtherAnalysis_clean_CyclicalAssetsAdjusted_7613.p
ng Graphic file (type png)
<use graphs/DescriptiveStats/OtherAnalysis_clean_CyclicalAssetsAdjusted_7613.pn
g>
Package pdftex.def Info: graphs/DescriptiveStats/OtherAnalysis_clean_CyclicalAs
setsAdjusted_7613.png  used on input line 392.
(pdftex.def)             Requested size: 433.62335pt x 108.40584pt.
 [7 <./graphs/DescriptiveStats/OtherAnalysis_clean_CyclicalAssets_7613.png>]
<graphs/DescriptiveStats/OtherAnalysis_clean_LoanLossProvision_7613.png, id=50,
 1445.4pt x 361.35pt>
File: graphs/DescriptiveStats/OtherAnalysis_clean_LoanLossProvision_7613.png Gr
aphic file (type png)
<use graphs/DescriptiveStats/OtherAnalysis_clean_LoanLossProvision_7613.png>
Package pdftex.def Info: graphs/DescriptiveStats/OtherAnalysis_clean_LoanLossPr
ovision_7613.png  used on input line 408.
(pdftex.def)             Requested size: 433.62335pt x 108.40584pt.
 [8 <./graphs/DescriptiveStats/OtherAnalysis_clean_CyclicalAssetsAdjusted_7613.
png> <./graphs/DescriptiveStats/OtherAnalysis_clean_LoanLossProvision_7613.png>
]
<graphs/DescriptiveStats/OtherAnalysis_clean_PositionsCyclical_7613.png, id=56,
 1445.4pt x 1806.75pt>
File: graphs/DescriptiveStats/OtherAnalysis_clean_PositionsCyclical_7613.png Gr
aphic file (type png)
<use graphs/DescriptiveStats/OtherAnalysis_clean_PositionsCyclical_7613.png>
Package pdftex.def Info: graphs/DescriptiveStats/OtherAnalysis_clean_PositionsC
yclical_7613.png  used on input line 432.
(pdftex.def)             Requested size: 433.62335pt x 542.02919pt.
 [9]
Underfull \hbox (badness 10000) in paragraph at lines 440--447

 []

[10 <./graphs/DescriptiveStats/OtherAnalysis_clean_PositionsCyclical_7613.png>]
(graphs/Tables/LatexTables/corr_assets.tex)
(graphs/Tables/LatexTables/corr_liab.tex)
Overfull \hbox (68.53586pt too wide) in paragraph at lines 462--464
[] []
 []


Underfull \hbox (badness 10000) in paragraph at lines 462--464

 []

(graphs/Tables/LatexTables/corr_liab_assets.tex)
Overfull \hbox (58.37085pt too wide) in paragraph at lines 473--475
[] []
 []


Underfull \hbox (badness 10000) in paragraph at lines 473--475

 []

[11]
<graphs/DescriptiveStats/OtherAnalysis_clean_scatterplots_7613.png, id=70, 722.
7pt x 722.7pt>
File: graphs/DescriptiveStats/OtherAnalysis_clean_scatterplots_7613.png Graphic
 file (type png)
<use graphs/DescriptiveStats/OtherAnalysis_clean_scatterplots_7613.png>
Package pdftex.def Info: graphs/DescriptiveStats/OtherAnalysis_clean_scatterplo
ts_7613.png  used on input line 514.
(pdftex.def)             Requested size: 325.21199pt x 325.21199pt.
 [12 <./graphs/DescriptiveStats/OtherAnalysis_clean_scatterplots_7613.png>]
<graphs/DescriptiveStats/OtherAnalysis_clean_sharePositions_7613.png, id=75, 14
45.4pt x 1445.4pt>
File: graphs/DescriptiveStats/OtherAnalysis_clean_sharePositions_7613.png Graph
ic file (type png)
<use graphs/DescriptiveStats/OtherAnalysis_clean_sharePositions_7613.png>
Package pdftex.def Info: graphs/DescriptiveStats/OtherAnalysis_clean_sharePosit
ions_7613.png  used on input line 529.
(pdftex.def)             Requested size: 433.62335pt x 433.62335pt.
[13]
<graphs/DescriptiveStats/NewLeverage_BanksDefaultPercentage_7613.png, id=79, 14
45.4pt x 722.7pt>
File: graphs/DescriptiveStats/NewLeverage_BanksDefaultPercentage_7613.png Graph
ic file (type png)
<use graphs/DescriptiveStats/NewLeverage_BanksDefaultPercentage_7613.png>
Package pdftex.def Info: graphs/DescriptiveStats/NewLeverage_BanksDefaultPercen
tage_7613.png  used on input line 550.
(pdftex.def)             Requested size: 433.62335pt x 216.81166pt.
 [14 <./graphs/DescriptiveStats/OtherAnalysis_clean_sharePositions_7613.png>] [
15 <./graphs/DescriptiveStats/NewLeverage_BanksDefaultPercentage_7613.png>] (gr
aphs/Tables/LatexTables/OtherDescriptiveAnalysis_BankCounts.tex)
Overfull \hbox (66.5819pt too wide) in paragraph at lines 1--656
[][]
 []


Underfull \hbox (badness 10000) in paragraph at lines 1--656

 []

<graphs/DescriptiveStats/OtherAnalysis_ShareofAssetsByBanksPercentiles_7613.png
, id=88, 1445.4pt x 722.7pt>
File: graphs/DescriptiveStats/OtherAnalysis_ShareofAssetsByBanksPercentiles_761
3.png Graphic file (type png)
<use graphs/DescriptiveStats/OtherAnalysis_ShareofAssetsByBanksPercentiles_7613
.png>
Package pdftex.def Info: graphs/DescriptiveStats/OtherAnalysis_ShareofAssetsByB
anksPercentiles_7613.png  used on input line 662.
(pdftex.def)             Requested size: 433.62335pt x 216.81166pt.
[16 <./graphs/DescriptiveStats/OtherAnalysis_ShareofAssetsByBanksPercentiles_76
13.png>]
<graphs/DescriptiveStats/OtherAnalysis_clean_LorenzCurve_7613.png, id=93, 1445.
4pt x 722.7pt>
File: graphs/DescriptiveStats/OtherAnalysis_clean_LorenzCurve_7613.png Graphic 
file (type png)
<use graphs/DescriptiveStats/OtherAnalysis_clean_LorenzCurve_7613.png>
Package pdftex.def Info: graphs/DescriptiveStats/OtherAnalysis_clean_LorenzCurv
e_7613.png  used on input line 675.
(pdftex.def)             Requested size: 433.62335pt x 216.81166pt.
<graphs/DescriptiveStats/OtherAnalysis_clean_gini_7613.png, id=94, 1445.4pt x 7
22.7pt>
File: graphs/DescriptiveStats/OtherAnalysis_clean_gini_7613.png Graphic file (t
ype png)
<use graphs/DescriptiveStats/OtherAnalysis_clean_gini_7613.png>
Package pdftex.def Info: graphs/DescriptiveStats/OtherAnalysis_clean_gini_7613.
png  used on input line 684.
(pdftex.def)             Requested size: 433.62335pt x 216.81166pt.
 [17 <./graphs/DescriptiveStats/OtherAnalysis_clean_LorenzCurve_7613.png>] [18 
<./graphs/DescriptiveStats/OtherAnalysis_clean_gini_7613.png>]
<graphs/DescriptiveStats/BanksByAssetCategory_boxplots_eachCategory_7613.png, i
d=105, 1445.4pt x 1445.4pt>
File: graphs/DescriptiveStats/BanksByAssetCategory_boxplots_eachCategory_7613.p
ng Graphic file (type png)
<use graphs/DescriptiveStats/BanksByAssetCategory_boxplots_eachCategory_7613.pn
g>
Package pdftex.def Info: graphs/DescriptiveStats/BanksByAssetCategory_boxplots_
eachCategory_7613.png  used on input line 710.
(pdftex.def)             Requested size: 433.62335pt x 433.62335pt.
<graphs/DescriptiveStats/BanksByAssetCategory_assetsbycat_7613.png, id=106, 144
5.4pt x 1084.05pt>
File: graphs/DescriptiveStats/BanksByAssetCategory_assetsbycat_7613.png Graphic
 file (type png)
<use graphs/DescriptiveStats/BanksByAssetCategory_assetsbycat_7613.png>
Package pdftex.def Info: graphs/DescriptiveStats/BanksByAssetCategory_assetsbyc
at_7613.png  used on input line 722.
(pdftex.def)             Requested size: 433.62335pt x 325.21751pt.
 [19 <./graphs/DescriptiveStats/BanksByAssetCategory_boxplots_eachCategory_7613
.png>]
[20 <./graphs/DescriptiveStats/BanksByAssetCategory_assetsbycat_7613.png>]
<graphs/DescriptiveStats/BanksByAssetCategory_catAssetsCycle_7613.png, id=115, 
867.24pt x 722.7pt>
File: graphs/DescriptiveStats/BanksByAssetCategory_catAssetsCycle_7613.png Grap
hic file (type png)
<use graphs/DescriptiveStats/BanksByAssetCategory_catAssetsCycle_7613.png>
Package pdftex.def Info: graphs/DescriptiveStats/BanksByAssetCategory_catAssets
Cycle_7613.png  used on input line 734.
(pdftex.def)             Requested size: 433.61894pt x 361.3491pt.

[21 <./graphs/DescriptiveStats/BanksByAssetCategory_catAssetsCycle_7613.png>]
(graphs/Tables/LatexTables/cyclicalAssetsByCat_Crisis.tex) [22]
(graphs/Tables/LatexTables/cat_assets_cycle_corr.tex) [23]
<graphs/DescriptiveStats/BanksByAssetCategory_cat_assets_share_7613.png, id=127
, 1445.4pt x 1806.75pt>
File: graphs/DescriptiveStats/BanksByAssetCategory_cat_assets_share_7613.png Gr
aphic file (type png)
<use graphs/DescriptiveStats/BanksByAssetCategory_cat_assets_share_7613.png>
Package pdftex.def Info: graphs/DescriptiveStats/BanksByAssetCategory_cat_asset
s_share_7613.png  used on input line 795.
(pdftex.def)             Requested size: 433.62335pt x 542.02919pt.
 [24]
<graphs/DescriptiveStats/BanksByAssetCategory_cat_liabs_share_7613.png, id=131,
 1445.4pt x 1806.75pt>
File: graphs/DescriptiveStats/BanksByAssetCategory_cat_liabs_share_7613.png Gra
phic file (type png)
<use graphs/DescriptiveStats/BanksByAssetCategory_cat_liabs_share_7613.png>
Package pdftex.def Info: graphs/DescriptiveStats/BanksByAssetCategory_cat_liabs
_share_7613.png  used on input line 804.
(pdftex.def)             Requested size: 433.62335pt x 542.02919pt.
 [25 <./graphs/DescriptiveStats/BanksByAssetCategory_cat_assets_share_7613.png>
] [26 <./graphs/DescriptiveStats/BanksByAssetCategory_cat_liabs_share_7613.png>
]

LaTeX Warning: Citation 'greenlaw2008leveraged' on page 27 undefined on input l
ine 826.


Package caption Warning: \label without proper reference on input line 859.
See the caption package documentation for explanation.


LaTeX Warning: Reference `fig:ScatterCyclicalLeverageAssets' on page 27 undefin
ed on input line 826.


Package caption Warning: \label without proper reference on input line 868.
See the caption package documentation for explanation.


LaTeX Warning: Reference `fig:ScatterCyclicalAggregateLeverageAssets' on page 2
7 undefined on input line 827.


Package caption Warning: \label without proper reference on input line 868.
See the caption package documentation for explanation.


LaTeX Warning: Reference `fig:ScatterCyclicalAggregateLeverageAssets' on page 2
7 undefined on input line 828.


Package caption Warning: \label without proper reference on input line 859.
See the caption package documentation for explanation.


LaTeX Warning: Reference `fig:ScatterCyclicalLeverageAssets' on page 27 undefin
ed on input line 828.

[27] [28]
<graphs/DescriptiveStats/LeverageCylicality_ScatterAverageLeveragevsAggregateAs
sets_7613.png, id=146, 390.258pt x 361.35pt>
File: graphs/DescriptiveStats/LeverageCylicality_ScatterAverageLeveragevsAggreg
ateAssets_7613.png Graphic file (type png)
<use graphs/DescriptiveStats/LeverageCylicality_ScatterAverageLeveragevsAggrega
teAssets_7613.png>
Package pdftex.def Info: graphs/DescriptiveStats/LeverageCylicality_ScatterAver
ageLeveragevsAggregateAssets_7613.png  used on input line 858.
(pdftex.def)             Requested size: 234.1566pt x 216.81168pt.
<graphs/DescriptiveStats/LeverageCylicality_ScatterAggregateLeveragevsAggregate
Assets_7613.png, id=147, 390.258pt x 361.35pt>
File: graphs/DescriptiveStats/LeverageCylicality_ScatterAggregateLeveragevsAggr
egateAssets_7613.png Graphic file (type png)
<use graphs/DescriptiveStats/LeverageCylicality_ScatterAggregateLeveragevsAggre
gateAssets_7613.png>
Package pdftex.def Info: graphs/DescriptiveStats/LeverageCylicality_ScatterAggr
egateLeveragevsAggregateAssets_7613.png  used on input line 867.
(pdftex.def)             Requested size: 234.1566pt x 216.81168pt.
<graphs/DescriptiveStats/BanksbyAssetsCategory_ScatterAverageLeveragevsAverageA
ssetsCat_7613.png, id=148, 794.97pt x 722.7pt>
File: graphs/DescriptiveStats/BanksbyAssetsCategory_ScatterAverageLeveragevsAve
rageAssetsCat_7613.png Graphic file (type png)
<use graphs/DescriptiveStats/BanksbyAssetsCategory_ScatterAverageLeveragevsAver
ageAssetsCat_7613.png>
Package pdftex.def Info: graphs/DescriptiveStats/BanksbyAssetsCategory_ScatterA
verageLeveragevsAverageAssetsCat_7613.png  used on input line 876.
(pdftex.def)             Requested size: 397.48402pt x 361.3491pt.
 [29 <./graphs/DescriptiveStats/LeverageCylicality_ScatterAverageLeveragevsAggr
egateAssets_7613.png> <./graphs/DescriptiveStats/LeverageCylicality_ScatterAggr
egateLeveragevsAggregateAssets_7613.png>]
<graphs/DescriptiveStats/BanksbyAssetsCategory_ScatterAggregateLeveragevsAggreg
ateAssetsCat_7613.png, id=155, 794.97pt x 722.7pt>
File: graphs/DescriptiveStats/BanksbyAssetsCategory_ScatterAggregateLeveragevsA
ggregateAssetsCat_7613.png Graphic file (type png)
<use graphs/DescriptiveStats/BanksbyAssetsCategory_ScatterAggregateLeveragevsAg
gregateAssetsCat_7613.png>
Package pdftex.def Info: graphs/DescriptiveStats/BanksbyAssetsCategory_ScatterA
ggregateLeveragevsAggregateAssetsCat_7613.png  used on input line 884.
(pdftex.def)             Requested size: 397.48402pt x 361.3491pt.
 [30 <./graphs/DescriptiveStats/BanksbyAssetsCategory_ScatterAverageLeveragevsA
verageAssetsCat_7613.png>]

Package caption Warning: \label without proper reference on input line 859.
See the caption package documentation for explanation.


LaTeX Warning: Reference `fig:ScatterCyclicalLeverageAssets' on page 31 undefin
ed on input line 893.


Package caption Warning: \label without proper reference on input line 859.
See the caption package documentation for explanation.


LaTeX Warning: Reference `fig:ScatterCyclicalLeverageAssets' on page 31 undefin
ed on input line 894.

(graphs/Tables/LatexTables/corr_agg_range.tex) [31 <./graphs/DescriptiveStats/B
anksbyAssetsCategory_ScatterAggregateLeveragevsAggregateAssetsCat_7613.png>]
(graphs/Tables/LatexTables/corr_average_range.tex) [32]
(graphs/Tables/LatexTables/corr_agg_range_cat.tex)
(graphs/Tables/LatexTables/corr_average_range_cat.tex) [33]
<graphs/NewLeverage_LeverageRatioAllBanks_7613.png, id=170, 1445.4pt x 1084.05p
t>
File: graphs/NewLeverage_LeverageRatioAllBanks_7613.png Graphic file (type png)

<use graphs/NewLeverage_LeverageRatioAllBanks_7613.png>
Package pdftex.def Info: graphs/NewLeverage_LeverageRatioAllBanks_7613.png  use
d on input line 965.
(pdftex.def)             Requested size: 433.62335pt x 325.21751pt.
 [34]
<graphs/DescriptiveStats/NewLeverage_LeverageCategories_7613.png, id=174, 1445.
4pt x 722.7pt>
File: graphs/DescriptiveStats/NewLeverage_LeverageCategories_7613.png Graphic f
ile (type png)
<use graphs/DescriptiveStats/NewLeverage_LeverageCategories_7613.png>
Package pdftex.def Info: graphs/DescriptiveStats/NewLeverage_LeverageCategories
_7613.png  used on input line 985.
(pdftex.def)             Requested size: 433.62335pt x 216.81166pt.
 [35 <./graphs/NewLeverage_LeverageRatioAllBanks_7613.png> <./graphs/Descriptiv
eStats/NewLeverage_LeverageCategories_7613.png>]
<graphs/DescriptiveStats/NewLeverage_AverageLeverageCyclical_7613.png, id=181, 
1445.4pt x 1084.05pt>
File: graphs/DescriptiveStats/NewLeverage_AverageLeverageCyclical_7613.png Grap
hic file (type png)
<use graphs/DescriptiveStats/NewLeverage_AverageLeverageCyclical_7613.png>
Package pdftex.def Info: graphs/DescriptiveStats/NewLeverage_AverageLeverageCyc
lical_7613.png  used on input line 998.
(pdftex.def)             Requested size: 433.62335pt x 325.21751pt.
 [36]
<graphs/Tables/CyclicalLeverage_Crisis2008.png, id=185, 508.14844pt x 355.3275p
t>
File: graphs/Tables/CyclicalLeverage_Crisis2008.png Graphic file (type png)
<use graphs/Tables/CyclicalLeverage_Crisis2008.png>
Package pdftex.def Info: graphs/Tables/CyclicalLeverage_Crisis2008.png  used on
 input line 1007.
(pdftex.def)             Requested size: 508.14719pt x 355.32661pt.

Overfull \hbox (52.90308pt too wide) in paragraph at lines 1007--1008
 [][] 
 []

[37 <./graphs/DescriptiveStats/NewLeverage_AverageLeverageCyclical_7613.png>]
<graphs/DescriptiveStats/NewLeverage_ScatterAssetsLeverageFinancCrisis_7613.png
, id=190, 1445.4pt x 433.62pt>
File: graphs/DescriptiveStats/NewLeverage_ScatterAssetsLeverageFinancCrisis_761
3.png Graphic file (type png)
<use graphs/DescriptiveStats/NewLeverage_ScatterAssetsLeverageFinancCrisis_7613
.png>
Package pdftex.def Info: graphs/DescriptiveStats/NewLeverage_ScatterAssetsLever
ageFinancCrisis_7613.png  used on input line 1016.
(pdftex.def)             Requested size: 433.62335pt x 130.087pt.
<graphs/NewLeverage_stdByCat_7613.png, id=191, 1445.4pt x 722.7pt>
File: graphs/NewLeverage_stdByCat_7613.png Graphic file (type png)
<use graphs/NewLeverage_stdByCat_7613.png>
Package pdftex.def Info: graphs/NewLeverage_stdByCat_7613.png  used on input li
ne 1026.
(pdftex.def)             Requested size: 433.62335pt x 216.81166pt.

[38 <./graphs/Tables/CyclicalLeverage_Crisis2008.png> <./graphs/DescriptiveStat
s/NewLeverage_ScatterAssetsLeverageFinancCrisis_7613.png>] [39 <./graphs/NewLev
erage_stdByCat_7613.png>]
<graphs/NewLeverage_KurtByCat_7613.png, id=201, 1445.4pt x 722.7pt>
File: graphs/NewLeverage_KurtByCat_7613.png Graphic file (type png)
<use graphs/NewLeverage_KurtByCat_7613.png>
Package pdftex.def Info: graphs/NewLeverage_KurtByCat_7613.png  used on input l
ine 1051.
(pdftex.def)             Requested size: 433.62335pt x 216.81166pt.
<graphs/NewLeverage_SkewByCat_7613.png, id=202, 1445.4pt x 722.7pt>
File: graphs/NewLeverage_SkewByCat_7613.png Graphic file (type png)
<use graphs/NewLeverage_SkewByCat_7613.png>
Package pdftex.def Info: graphs/NewLeverage_SkewByCat_7613.png  used on input l
ine 1060.
(pdftex.def)             Requested size: 433.62335pt x 216.81166pt.
 [40 <./graphs/NewLeverage_KurtByCat_7613.png>]
<graphs/DescriptiveStats/NewLeverage_ScatterAssetsLeverageFinancCrisis_Cat1&2_7
613.png, id=207, 1445.4pt x 1084.05pt>
File: graphs/DescriptiveStats/NewLeverage_ScatterAssetsLeverageFinancCrisis_Cat
1&2_7613.png Graphic file (type png)
<use graphs/DescriptiveStats/NewLeverage_ScatterAssetsLeverageFinancCrisis_Cat1
&2_7613.png>
Package pdftex.def Info: graphs/DescriptiveStats/NewLeverage_ScatterAssetsLever
ageFinancCrisis_Cat1&2_7613.png  used on input line 1076.
(pdftex.def)             Requested size: 433.62335pt x 325.21751pt.

[41 <./graphs/NewLeverage_SkewByCat_7613.png>] [42 <./graphs/DescriptiveStats/N
ewLeverage_ScatterAssetsLeverageFinancCrisis_Cat1&2_7613.png>] [43]
LaTeX Font Info:    Trying to load font information for T1+lmtt on input line 1
317.

("C:\Program Files\MiKTeX 2.9\tex/latex/lm\t1lmtt.fd"
File: t1lmtt.fd 2009/10/30 v1.6 Font defs for Latin Modern
) [44]
<graphs/Tables/autocorrelations/AllAssets.png, id=225, 466.74374pt x 197.98969p
t>
File: graphs/Tables/autocorrelations/AllAssets.png Graphic file (type png)
<use graphs/Tables/autocorrelations/AllAssets.png>
Package pdftex.def Info: graphs/Tables/autocorrelations/AllAssets.png  used on 
input line 1337.
(pdftex.def)             Requested size: 466.7426pt x 197.9892pt.

Overfull \hbox (11.49849pt too wide) in paragraph at lines 1337--1338
 [][] 
 []

<graphs/Tables/autocorrelations/AllLiab.png, id=226, 590.205pt x 217.5628pt>
File: graphs/Tables/autocorrelations/AllLiab.png Graphic file (type png)
<use graphs/Tables/autocorrelations/AllLiab.png>
Package pdftex.def Info: graphs/Tables/autocorrelations/AllLiab.png  used on in
put line 1348.
(pdftex.def)             Requested size: 472.16464pt x 174.05048pt.

Overfull \hbox (16.92053pt too wide) in paragraph at lines 1348--1349
 [][] 
 []

<graphs/Tables/autocorrelations/AssetsCat1.png, id=227, 496.85625pt x 228.855pt
>
File: graphs/Tables/autocorrelations/AssetsCat1.png Graphic file (type png)
<use graphs/Tables/autocorrelations/AssetsCat1.png>
Package pdftex.def Info: graphs/Tables/autocorrelations/AssetsCat1.png  used on
 input line 1361.
(pdftex.def)             Requested size: 372.64127pt x 171.64082pt.
<graphs/Tables/autocorrelations/AssetsCat2.png, id=228, 492.33937pt x 230.96288
pt>
File: graphs/Tables/autocorrelations/AssetsCat2.png Graphic file (type png)
<use graphs/Tables/autocorrelations/AssetsCat2.png>
Package pdftex.def Info: graphs/Tables/autocorrelations/AssetsCat2.png  used on
 input line 1362.
(pdftex.def)             Requested size: 369.2536pt x 173.22173pt.
<graphs/Tables/autocorrelations/AssetsCat3.png, id=229, 489.32813pt x 230.96288
pt>
File: graphs/Tables/autocorrelations/AssetsCat3.png Graphic file (type png)
<use graphs/Tables/autocorrelations/AssetsCat3.png>
Package pdftex.def Info: graphs/Tables/autocorrelations/AssetsCat3.png  used on
 input line 1363.
(pdftex.def)             Requested size: 366.99518pt x 173.22173pt.
<graphs/Tables/autocorrelations/AssetsCat4.png, id=230, 493.845pt x 230.36063pt
>
File: graphs/Tables/autocorrelations/AssetsCat4.png Graphic file (type png)
<use graphs/Tables/autocorrelations/AssetsCat4.png>
Package pdftex.def Info: graphs/Tables/autocorrelations/AssetsCat4.png  used on
 input line 1364.
(pdftex.def)             Requested size: 370.38283pt x 172.77003pt.

LaTeX Warning: Float too large for page by 29.57121pt on input line 1368.

<graphs/MedianBank_FrequencyTable_8010.png, id=231, 409.53pt x 108.405pt>
File: graphs/MedianBank_FrequencyTable_8010.png Graphic file (type png)
<use graphs/MedianBank_FrequencyTable_8010.png>
Package pdftex.def Info: graphs/MedianBank_FrequencyTable_8010.png  used on inp
ut line 1376.
(pdftex.def)             Requested size: 409.52899pt x 108.40472pt.
<graphs/DescriptiveStats/NewLeverage_MedianLeverageCyclical_7613.png, id=232, 1
445.4pt x 1084.05pt>
File: graphs/DescriptiveStats/NewLeverage_MedianLeverageCyclical_7613.png Graph
ic file (type png)
<use graphs/DescriptiveStats/NewLeverage_MedianLeverageCyclical_7613.png>
Package pdftex.def Info: graphs/DescriptiveStats/NewLeverage_MedianLeverageCycl
ical_7613.png  used on input line 1395.
(pdftex.def)             Requested size: 433.62335pt x 325.21751pt.
[45 <./graphs/Tables/autocorrelations/AllAssets.png> <./graphs/Tables/autocorre
lations/AllLiab.png>] [46 <./graphs/Tables/autocorrelations/AssetsCat1.png> <./
graphs/Tables/autocorrelations/AssetsCat2.png> <./graphs/Tables/autocorrelation
s/AssetsCat3.png> <./graphs/Tables/autocorrelations/AssetsCat4.png>]
<graphs/NewLeverage_stdByCat_cyclical_7613.png, id=245, 1445.4pt x 722.7pt>
File: graphs/NewLeverage_stdByCat_cyclical_7613.png Graphic file (type png)
<use graphs/NewLeverage_stdByCat_cyclical_7613.png>
Package pdftex.def Info: graphs/NewLeverage_stdByCat_cyclical_7613.png  used on
 input line 1404.
(pdftex.def)             Requested size: 433.62335pt x 216.81166pt.
 [47 <./graphs/MedianBank_FrequencyTable_8010.png> <./graphs/DescriptiveStats/N
ewLeverage_MedianLeverageCyclical_7613.png>] [48 <./graphs/NewLeverage_stdByCat
_cyclical_7613.png>] (Vorlage_Seminararbeit.aux)

LaTeX Warning: There were undefined references.


Package biblatex Warning: Please (re)run Biber on the file:
(biblatex)                Vorlage_Seminararbeit
(biblatex)                and rerun LaTeX afterwards.

Package logreq Info: Writing requests to 'Vorlage_Seminararbeit.run.xml'.
\openout1 = `Vorlage_Seminararbeit.run.xml'.

 ) 
Here is how much of TeX's memory you used:
 13761 strings out of 492448
 249502 string characters out of 3129681
 701591 words of memory out of 3000000
 17828 multiletter control sequences out of 15000+200000
 69359 words of font info for 61 fonts, out of 3000000 for 9000
 1141 hyphenation exceptions out of 8191
 44i,15n,52p,2403b,1688s stack positions out of 5000i,500n,10000p,200000b,50000s
{C:/Program Files/MiKTeX 2.9/fonts/enc/dvips/lm/lm-ec.enc}{C:/Program Files/M
iKTeX 2.9/fonts/enc/dvips/lm/lm-rm.enc}{C:/Program Files/MiKTeX 2.9/fonts/enc/d
vips/lm/lm-mathit.enc}{C:/Program Files/MiKTeX 2.9/fonts/enc/dvips/lm/lm-mathsy
.enc}<C:/Program Files/MiKTeX 2.9/fonts/type1/public/lm/lmbx12.pfb><C:/Program 
Files/MiKTeX 2.9/fonts/type1/public/lm/lmbx8.pfb><C:/Program Files/MiKTeX 2.9/f
onts/type1/public/lm/lmcsc10.pfb><C:/Program Files/MiKTeX 2.9/fonts/type1/publi
c/lm/lmmi10.pfb><C:/Program Files/MiKTeX 2.9/fonts/type1/public/lm/lmmi12.pfb><
C:/Program Files/MiKTeX 2.9/fonts/type1/public/lm/lmr10.pfb><C:/Program Files/M
iKTeX 2.9/fonts/type1/public/lm/lmr12.pfb><C:/Program Files/MiKTeX 2.9/fonts/ty
pe1/public/lm/lmr17.pfb><C:/Program Files/MiKTeX 2.9/fonts/type1/public/lm/lmr7
.pfb><C:/Program Files/MiKTeX 2.9/fonts/type1/public/lm/lmr8.pfb><C:/Program Fi
les/MiKTeX 2.9/fonts/type1/public/lm/lmri12.pfb><C:/Program Files/MiKTeX 2.9/fo
nts/type1/public/lm/lmsy10.pfb><C:/Program Files/MiKTeX 2.9/fonts/type1/public/
lm/lmtt12.pfb>
Output written on Vorlage_Seminararbeit.pdf (50 pages, 7334173 bytes).
PDF statistics:
 306 PDF objects out of 1000 (max. 8388607)
 0 named destinations out of 1000 (max. 500000)
 196 words of extra memory for PDF output out of 10000 (max. 10000000)

